2023-03-20 15:12:49.418  INFO 38444 --- [restartedMain] com.yash.ems.EMSApplication              : Starting EMSApplication using Java 17.0.4 on YP1016566LT with PID 38444 (E:\Project\emsd\EMS_IternalProject\target\classes started by gajanan.danve in E:\Project\emsd\EMS_IternalProject)
2023-03-20 15:12:49.419  INFO 38444 --- [restartedMain] com.yash.ems.EMSApplication              : No active profile set, falling back to 1 default profile: "default"
2023-03-20 15:12:49.674  INFO 38444 --- [restartedMain] .s.d.r.c.RepositoryConfigurationDelegate : Bootstrapping Spring Data JPA repositories in DEFAULT mode.
2023-03-20 15:12:49.707  INFO 38444 --- [restartedMain] .s.d.r.c.RepositoryConfigurationDelegate : Finished Spring Data repository scanning in 32 ms. Found 4 JPA repository interfaces.
2023-03-20 15:12:49.778  INFO 38444 --- [restartedMain] o.s.b.w.embedded.tomcat.TomcatWebServer  : Tomcat initialized with port(s): 7079 (http)
2023-03-20 15:12:49.779  INFO 38444 --- [restartedMain] o.apache.catalina.core.StandardService   : Starting service [Tomcat]
2023-03-20 15:12:49.779  INFO 38444 --- [restartedMain] org.apache.catalina.core.StandardEngine  : Starting Servlet engine: [Apache Tomcat/9.0.71]
2023-03-20 15:12:49.805  INFO 38444 --- [restartedMain] o.a.c.c.C.[Tomcat].[localhost].[/]       : Initializing Spring embedded WebApplicationContext
2023-03-20 15:12:49.805  INFO 38444 --- [restartedMain] w.s.c.ServletWebServerApplicationContext : Root WebApplicationContext: initialization completed in 384 ms
2023-03-20 15:12:49.837  INFO 38444 --- [restartedMain] o.hibernate.jpa.internal.util.LogHelper  : HHH000204: Processing PersistenceUnitInfo [name: default]
2023-03-20 15:12:49.841  INFO 38444 --- [restartedMain] com.zaxxer.hikari.HikariDataSource       : HikariPool-2 - Starting...
2023-03-20 15:12:49.896  INFO 38444 --- [restartedMain] com.zaxxer.hikari.HikariDataSource       : HikariPool-2 - Start completed.
2023-03-20 15:12:49.896  INFO 38444 --- [restartedMain] org.hibernate.dialect.Dialect            : HHH000400: Using dialect: org.hibernate.dialect.MySQL8Dialect
2023-03-20 15:12:49.987  INFO 38444 --- [restartedMain] o.h.e.t.j.p.i.JtaPlatformInitiator       : HHH000490: Using JtaPlatform implementation: [org.hibernate.engine.transaction.jta.platform.internal.NoJtaPlatform]
2023-03-20 15:12:49.987  INFO 38444 --- [restartedMain] j.LocalContainerEntityManagerFactoryBean : Initialized JPA EntityManagerFactory for persistence unit 'default'
2023-03-20 15:12:50.146  WARN 38444 --- [restartedMain] JpaBaseConfiguration$JpaWebConfiguration : spring.jpa.open-in-view is enabled by default. Therefore, database queries may be performed during view rendering. Explicitly configure spring.jpa.open-in-view to disable this warning
2023-03-20 15:12:50.177  INFO 38444 --- [restartedMain] pertySourcedRequestMappingHandlerMapping : Mapped URL path [/v2/api-docs] onto method [springfox.documentation.swagger2.web.Swagger2Controller#getDocumentation(String, HttpServletRequest)]
2023-03-20 15:12:50.217  INFO 38444 --- [restartedMain] o.s.b.d.a.OptionalLiveReloadServer       : LiveReload server is running on port 35729
2023-03-20 15:12:50.261  INFO 38444 --- [restartedMain] o.s.b.w.embedded.tomcat.TomcatWebServer  : Tomcat started on port(s): 7079 (http) with context path ''
2023-03-20 15:12:50.262  INFO 38444 --- [restartedMain] d.s.w.p.DocumentationPluginsBootstrapper : Context refreshed
2023-03-20 15:12:50.264  INFO 38444 --- [restartedMain] d.s.w.p.DocumentationPluginsBootstrapper : Found 1 custom documentation plugin(s)
2023-03-20 15:12:50.274  INFO 38444 --- [restartedMain] s.d.s.w.s.ApiListingReferenceScanner     : Scanning for api listing references
2023-03-20 15:12:50.310  INFO 38444 --- [restartedMain] .d.s.w.r.o.CachingOperationNameGenerator : Generating unique operation named: getAllUsingGET_1
2023-03-20 15:12:50.312  INFO 38444 --- [restartedMain] .d.s.w.r.o.CachingOperationNameGenerator : Generating unique operation named: saveEmpoyeeUsingPOST_1
2023-03-20 15:12:50.320  INFO 38444 --- [restartedMain] com.yash.ems.EMSApplication              : Started EMSApplication in 0.936 seconds (JVM running for 599.076)
2023-03-20 15:12:50.323  INFO 38444 --- [restartedMain] .ConditionEvaluationDeltaLoggingListener : Condition evaluation unchanged
2023-03-20 15:13:27.877  INFO 38444 --- [http-nio-7079-exec-1] o.a.c.c.C.[Tomcat].[localhost].[/]       : Initializing Spring DispatcherServlet 'dispatcherServlet'
2023-03-20 15:13:27.879  INFO 38444 --- [http-nio-7079-exec-1] o.s.web.servlet.DispatcherServlet        : Initializing Servlet 'dispatcherServlet'
2023-03-20 15:13:27.881  INFO 38444 --- [http-nio-7079-exec-1] o.s.web.servlet.DispatcherServlet        : Completed initialization in 2 ms
2023-03-20 15:13:27.914  INFO 38444 --- [http-nio-7079-exec-1] c.y.ems.controller.EmployeeController    : Create Employee Data...
2023-03-20 15:14:34.712  INFO 38444 --- [File Watcher] rtingClassPathChangeChangedEventListener : Restarting due to 1 class path change (0 additions, 0 deletions, 1 modification)
2023-03-20 15:14:34.720  INFO 38444 --- [Thread-7] o.apache.catalina.core.StandardService   : Stopping service [Tomcat]
2023-03-20 15:14:34.720  INFO 38444 --- [Thread-7] o.a.c.c.C.[Tomcat].[localhost].[/]       : Destroying Spring FrameworkServlet 'dispatcherServlet'
2023-03-20 15:14:34.724  INFO 38444 --- [Thread-7] j.LocalContainerEntityManagerFactoryBean : Closing JPA EntityManagerFactory for persistence unit 'default'
2023-03-20 15:14:34.724  INFO 38444 --- [Thread-7] com.zaxxer.hikari.HikariDataSource       : HikariPool-2 - Shutdown initiated...
2023-03-20 15:14:34.729  INFO 38444 --- [Thread-7] com.zaxxer.hikari.HikariDataSource       : HikariPool-2 - Shutdown completed.
2023-03-20 15:14:34.819  INFO 38444 --- [restartedMain] com.yash.ems.EMSApplication              : Starting EMSApplication using Java 17.0.4 on YP1016566LT with PID 38444 (E:\Project\emsd\EMS_IternalProject\target\classes started by gajanan.danve in E:\Project\emsd\EMS_IternalProject)
2023-03-20 15:14:34.820  INFO 38444 --- [restartedMain] com.yash.ems.EMSApplication              : No active profile set, falling back to 1 default profile: "default"
2023-03-20 15:14:35.077  INFO 38444 --- [restartedMain] .s.d.r.c.RepositoryConfigurationDelegate : Bootstrapping Spring Data JPA repositories in DEFAULT mode.
2023-03-20 15:14:35.121  INFO 38444 --- [restartedMain] .s.d.r.c.RepositoryConfigurationDelegate : Finished Spring Data repository scanning in 43 ms. Found 4 JPA repository interfaces.
2023-03-20 15:14:35.189  INFO 38444 --- [restartedMain] o.s.b.w.embedded.tomcat.TomcatWebServer  : Tomcat initialized with port(s): 7079 (http)
2023-03-20 15:14:35.190  INFO 38444 --- [restartedMain] o.apache.catalina.core.StandardService   : Starting service [Tomcat]
2023-03-20 15:14:35.190  INFO 38444 --- [restartedMain] org.apache.catalina.core.StandardEngine  : Starting Servlet engine: [Apache Tomcat/9.0.71]
2023-03-20 15:14:35.215  INFO 38444 --- [restartedMain] o.a.c.c.C.[Tomcat].[localhost].[/]       : Initializing Spring embedded WebApplicationContext
2023-03-20 15:14:35.215  INFO 38444 --- [restartedMain] w.s.c.ServletWebServerApplicationContext : Root WebApplicationContext: initialization completed in 393 ms
2023-03-20 15:14:35.239  INFO 38444 --- [restartedMain] o.hibernate.jpa.internal.util.LogHelper  : HHH000204: Processing PersistenceUnitInfo [name: default]
2023-03-20 15:14:35.242  INFO 38444 --- [restartedMain] com.zaxxer.hikari.HikariDataSource       : HikariPool-3 - Starting...
2023-03-20 15:14:35.253  INFO 38444 --- [restartedMain] com.zaxxer.hikari.HikariDataSource       : HikariPool-3 - Start completed.
2023-03-20 15:14:35.254  INFO 38444 --- [restartedMain] org.hibernate.dialect.Dialect            : HHH000400: Using dialect: org.hibernate.dialect.MySQL8Dialect
2023-03-20 15:14:35.323  INFO 38444 --- [restartedMain] o.h.e.t.j.p.i.JtaPlatformInitiator       : HHH000490: Using JtaPlatform implementation: [org.hibernate.engine.transaction.jta.platform.internal.NoJtaPlatform]
2023-03-20 15:14:35.323  INFO 38444 --- [restartedMain] j.LocalContainerEntityManagerFactoryBean : Initialized JPA EntityManagerFactory for persistence unit 'default'
2023-03-20 15:14:35.467  WARN 38444 --- [restartedMain] JpaBaseConfiguration$JpaWebConfiguration : spring.jpa.open-in-view is enabled by default. Therefore, database queries may be performed during view rendering. Explicitly configure spring.jpa.open-in-view to disable this warning
2023-03-20 15:14:35.489  INFO 38444 --- [restartedMain] pertySourcedRequestMappingHandlerMapping : Mapped URL path [/v2/api-docs] onto method [springfox.documentation.swagger2.web.Swagger2Controller#getDocumentation(String, HttpServletRequest)]
2023-03-20 15:14:35.518  INFO 38444 --- [restartedMain] o.s.b.d.a.OptionalLiveReloadServer       : LiveReload server is running on port 35729
2023-03-20 15:14:35.556  INFO 38444 --- [restartedMain] o.s.b.w.embedded.tomcat.TomcatWebServer  : Tomcat started on port(s): 7079 (http) with context path ''
2023-03-20 15:14:35.556  INFO 38444 --- [restartedMain] d.s.w.p.DocumentationPluginsBootstrapper : Context refreshed
2023-03-20 15:14:35.557  INFO 38444 --- [restartedMain] d.s.w.p.DocumentationPluginsBootstrapper : Found 1 custom documentation plugin(s)
2023-03-20 15:14:35.560  INFO 38444 --- [restartedMain] s.d.s.w.s.ApiListingReferenceScanner     : Scanning for api listing references
2023-03-20 15:14:35.597  INFO 38444 --- [restartedMain] .d.s.w.r.o.CachingOperationNameGenerator : Generating unique operation named: getAllUsingGET_1
2023-03-20 15:14:35.597  INFO 38444 --- [restartedMain] .d.s.w.r.o.CachingOperationNameGenerator : Generating unique operation named: saveEmpoyeeUsingPOST_1
2023-03-20 15:14:35.604  INFO 38444 --- [restartedMain] com.yash.ems.EMSApplication              : Started EMSApplication in 0.83 seconds (JVM running for 704.358)
2023-03-20 15:14:35.605  INFO 38444 --- [restartedMain] .ConditionEvaluationDeltaLoggingListener : Condition evaluation unchanged
2023-03-20 15:14:48.820  INFO 38444 --- [http-nio-7079-exec-1] o.a.c.c.C.[Tomcat].[localhost].[/]       : Initializing Spring DispatcherServlet 'dispatcherServlet'
2023-03-20 15:14:48.821  INFO 38444 --- [http-nio-7079-exec-1] o.s.web.servlet.DispatcherServlet        : Initializing Servlet 'dispatcherServlet'
2023-03-20 15:14:48.822  INFO 38444 --- [http-nio-7079-exec-1] o.s.web.servlet.DispatcherServlet        : Completed initialization in 1 ms
2023-03-20 15:14:48.848  INFO 38444 --- [http-nio-7079-exec-1] c.y.ems.controller.EmployeeController    : Create Employee Data...
2023-03-20 15:15:34.368  INFO 38444 --- [File Watcher] rtingClassPathChangeChangedEventListener : Restarting due to 1 class path change (0 additions, 0 deletions, 1 modification)
2023-03-20 15:15:34.377  INFO 38444 --- [Thread-11] o.apache.catalina.core.StandardService   : Stopping service [Tomcat]
2023-03-20 15:15:34.377  INFO 38444 --- [Thread-11] o.a.c.c.C.[Tomcat].[localhost].[/]       : Destroying Spring FrameworkServlet 'dispatcherServlet'
2023-03-20 15:15:34.381  INFO 38444 --- [Thread-11] j.LocalContainerEntityManagerFactoryBean : Closing JPA EntityManagerFactory for persistence unit 'default'
2023-03-20 15:15:34.382  INFO 38444 --- [Thread-11] com.zaxxer.hikari.HikariDataSource       : HikariPool-3 - Shutdown initiated...
2023-03-20 15:15:34.422  INFO 38444 --- [Thread-11] com.zaxxer.hikari.HikariDataSource       : HikariPool-3 - Shutdown completed.
2023-03-20 15:15:34.508  INFO 38444 --- [restartedMain] com.yash.ems.EMSApplication              : Starting EMSApplication using Java 17.0.4 on YP1016566LT with PID 38444 (E:\Project\emsd\EMS_IternalProject\target\classes started by gajanan.danve in E:\Project\emsd\EMS_IternalProject)
2023-03-20 15:15:34.508  INFO 38444 --- [restartedMain] com.yash.ems.EMSApplication              : No active profile set, falling back to 1 default profile: "default"
2023-03-20 15:15:34.728  INFO 38444 --- [restartedMain] .s.d.r.c.RepositoryConfigurationDelegate : Bootstrapping Spring Data JPA repositories in DEFAULT mode.
2023-03-20 15:15:34.774  INFO 38444 --- [restartedMain] .s.d.r.c.RepositoryConfigurationDelegate : Finished Spring Data repository scanning in 45 ms. Found 4 JPA repository interfaces.
2023-03-20 15:15:34.829  INFO 38444 --- [restartedMain] o.s.b.w.embedded.tomcat.TomcatWebServer  : Tomcat initialized with port(s): 7079 (http)
2023-03-20 15:15:34.829  INFO 38444 --- [restartedMain] o.apache.catalina.core.StandardService   : Starting service [Tomcat]
2023-03-20 15:15:34.830  INFO 38444 --- [restartedMain] org.apache.catalina.core.StandardEngine  : Starting Servlet engine: [Apache Tomcat/9.0.71]
2023-03-20 15:15:34.852  INFO 38444 --- [restartedMain] o.a.c.c.C.[Tomcat].[localhost].[/]       : Initializing Spring embedded WebApplicationContext
2023-03-20 15:15:34.852  INFO 38444 --- [restartedMain] w.s.c.ServletWebServerApplicationContext : Root WebApplicationContext: initialization completed in 343 ms
2023-03-20 15:15:34.880  INFO 38444 --- [restartedMain] o.hibernate.jpa.internal.util.LogHelper  : HHH000204: Processing PersistenceUnitInfo [name: default]
2023-03-20 15:15:34.883  INFO 38444 --- [restartedMain] com.zaxxer.hikari.HikariDataSource       : HikariPool-4 - Starting...
2023-03-20 15:15:34.896  INFO 38444 --- [restartedMain] com.zaxxer.hikari.HikariDataSource       : HikariPool-4 - Start completed.
2023-03-20 15:15:34.897  INFO 38444 --- [restartedMain] org.hibernate.dialect.Dialect            : HHH000400: Using dialect: org.hibernate.dialect.MySQL8Dialect
2023-03-20 15:15:34.980  INFO 38444 --- [restartedMain] o.h.e.t.j.p.i.JtaPlatformInitiator       : HHH000490: Using JtaPlatform implementation: [org.hibernate.engine.transaction.jta.platform.internal.NoJtaPlatform]
2023-03-20 15:15:34.980  INFO 38444 --- [restartedMain] j.LocalContainerEntityManagerFactoryBean : Initialized JPA EntityManagerFactory for persistence unit 'default'
2023-03-20 15:15:35.129  WARN 38444 --- [restartedMain] JpaBaseConfiguration$JpaWebConfiguration : spring.jpa.open-in-view is enabled by default. Therefore, database queries may be performed during view rendering. Explicitly configure spring.jpa.open-in-view to disable this warning
2023-03-20 15:15:35.148  INFO 38444 --- [restartedMain] pertySourcedRequestMappingHandlerMapping : Mapped URL path [/v2/api-docs] onto method [springfox.documentation.swagger2.web.Swagger2Controller#getDocumentation(String, HttpServletRequest)]
2023-03-20 15:15:35.180  INFO 38444 --- [restartedMain] o.s.b.d.a.OptionalLiveReloadServer       : LiveReload server is running on port 35729
2023-03-20 15:15:35.219  INFO 38444 --- [restartedMain] o.s.b.w.embedded.tomcat.TomcatWebServer  : Tomcat started on port(s): 7079 (http) with context path ''
2023-03-20 15:15:35.219  INFO 38444 --- [restartedMain] d.s.w.p.DocumentationPluginsBootstrapper : Context refreshed
2023-03-20 15:15:35.219  INFO 38444 --- [restartedMain] d.s.w.p.DocumentationPluginsBootstrapper : Found 1 custom documentation plugin(s)
2023-03-20 15:15:35.223  INFO 38444 --- [restartedMain] s.d.s.w.s.ApiListingReferenceScanner     : Scanning for api listing references
2023-03-20 15:15:35.252  INFO 38444 --- [restartedMain] .d.s.w.r.o.CachingOperationNameGenerator : Generating unique operation named: getAllUsingGET_1
2023-03-20 15:15:35.255  INFO 38444 --- [restartedMain] .d.s.w.r.o.CachingOperationNameGenerator : Generating unique operation named: saveEmpoyeeUsingPOST_1
2023-03-20 15:15:35.262  INFO 38444 --- [restartedMain] com.yash.ems.EMSApplication              : Started EMSApplication in 0.8 seconds (JVM running for 764.014)
2023-03-20 15:15:35.263  INFO 38444 --- [restartedMain] .ConditionEvaluationDeltaLoggingListener : Condition evaluation unchanged
2023-03-20 15:15:40.381  INFO 38444 --- [http-nio-7079-exec-1] o.a.c.c.C.[Tomcat].[localhost].[/]       : Initializing Spring DispatcherServlet 'dispatcherServlet'
2023-03-20 15:15:40.382  INFO 38444 --- [http-nio-7079-exec-1] o.s.web.servlet.DispatcherServlet        : Initializing Servlet 'dispatcherServlet'
2023-03-20 15:15:40.383  INFO 38444 --- [http-nio-7079-exec-1] o.s.web.servlet.DispatcherServlet        : Completed initialization in 0 ms
2023-03-20 15:15:40.392  INFO 38444 --- [http-nio-7079-exec-1] c.y.ems.controller.EmployeeController    : Create Employee Data...
2023-03-20 15:15:56.313  INFO 38444 --- [http-nio-7079-exec-2] c.y.ems.controller.EmployeeController    : Create Employee Data...
2023-03-20 15:15:56.639  INFO 38444 --- [http-nio-7079-exec-3] c.y.ems.controller.EmployeeController    : Create Employee Data...
2023-03-20 15:17:25.359  INFO 38444 --- [File Watcher] rtingClassPathChangeChangedEventListener : Restarting due to 1 class path change (0 additions, 0 deletions, 1 modification)
2023-03-20 15:17:25.370  INFO 38444 --- [Thread-15] o.apache.catalina.core.StandardService   : Stopping service [Tomcat]
2023-03-20 15:17:25.370  INFO 38444 --- [Thread-15] o.a.c.c.C.[Tomcat].[localhost].[/]       : Destroying Spring FrameworkServlet 'dispatcherServlet'
2023-03-20 15:17:25.375  INFO 38444 --- [Thread-15] j.LocalContainerEntityManagerFactoryBean : Closing JPA EntityManagerFactory for persistence unit 'default'
2023-03-20 15:17:25.376  INFO 38444 --- [Thread-15] com.zaxxer.hikari.HikariDataSource       : HikariPool-4 - Shutdown initiated...
2023-03-20 15:17:25.380  INFO 38444 --- [Thread-15] com.zaxxer.hikari.HikariDataSource       : HikariPool-4 - Shutdown completed.
2023-03-20 15:20:49.080  INFO 38444 --- [restartedMain] com.yash.ems.EMSApplication              : Starting EMSApplication using Java 17.0.4 on YP1016566LT with PID 38444 (E:\Project\emsd\EMS_IternalProject\target\classes started by gajanan.danve in E:\Project\emsd\EMS_IternalProject)
2023-03-20 15:20:49.080  INFO 38444 --- [restartedMain] com.yash.ems.EMSApplication              : No active profile set, falling back to 1 default profile: "default"
2023-03-20 15:20:49.324  INFO 38444 --- [restartedMain] .s.d.r.c.RepositoryConfigurationDelegate : Bootstrapping Spring Data JPA repositories in DEFAULT mode.
2023-03-20 15:20:49.371  INFO 38444 --- [restartedMain] .s.d.r.c.RepositoryConfigurationDelegate : Finished Spring Data repository scanning in 47 ms. Found 4 JPA repository interfaces.
2023-03-20 15:20:49.422  INFO 38444 --- [restartedMain] o.s.b.w.embedded.tomcat.TomcatWebServer  : Tomcat initialized with port(s): 7079 (http)
2023-03-20 15:20:49.423  INFO 38444 --- [restartedMain] o.apache.catalina.core.StandardService   : Starting service [Tomcat]
2023-03-20 15:20:49.423  INFO 38444 --- [restartedMain] org.apache.catalina.core.StandardEngine  : Starting Servlet engine: [Apache Tomcat/9.0.71]
2023-03-20 15:20:49.451  INFO 38444 --- [restartedMain] o.a.c.c.C.[Tomcat].[localhost].[/]       : Initializing Spring embedded WebApplicationContext
2023-03-20 15:20:49.451  INFO 38444 --- [restartedMain] w.s.c.ServletWebServerApplicationContext : Root WebApplicationContext: initialization completed in 370 ms
2023-03-20 15:20:49.476  INFO 38444 --- [restartedMain] o.hibernate.jpa.internal.util.LogHelper  : HHH000204: Processing PersistenceUnitInfo [name: default]
2023-03-20 15:20:49.479  INFO 38444 --- [restartedMain] com.zaxxer.hikari.HikariDataSource       : HikariPool-7 - Starting...
2023-03-20 15:20:49.526  INFO 38444 --- [restartedMain] com.zaxxer.hikari.HikariDataSource       : HikariPool-7 - Start completed.
2023-03-20 15:20:49.527  INFO 38444 --- [restartedMain] org.hibernate.dialect.Dialect            : HHH000400: Using dialect: org.hibernate.dialect.MySQL8Dialect
2023-03-20 15:20:49.584  INFO 38444 --- [restartedMain] o.h.e.t.j.p.i.JtaPlatformInitiator       : HHH000490: Using JtaPlatform implementation: [org.hibernate.engine.transaction.jta.platform.internal.NoJtaPlatform]
2023-03-20 15:20:49.584  INFO 38444 --- [restartedMain] j.LocalContainerEntityManagerFactoryBean : Initialized JPA EntityManagerFactory for persistence unit 'default'
2023-03-20 15:20:49.721  WARN 38444 --- [restartedMain] JpaBaseConfiguration$JpaWebConfiguration : spring.jpa.open-in-view is enabled by default. Therefore, database queries may be performed during view rendering. Explicitly configure spring.jpa.open-in-view to disable this warning
2023-03-20 15:20:49.752  INFO 38444 --- [restartedMain] pertySourcedRequestMappingHandlerMapping : Mapped URL path [/v2/api-docs] onto method [springfox.documentation.swagger2.web.Swagger2Controller#getDocumentation(String, HttpServletRequest)]
2023-03-20 15:20:49.785  INFO 38444 --- [restartedMain] o.s.b.d.a.OptionalLiveReloadServer       : LiveReload server is running on port 35729
2023-03-20 15:20:49.821  INFO 38444 --- [restartedMain] o.s.b.w.embedded.tomcat.TomcatWebServer  : Tomcat started on port(s): 7079 (http) with context path ''
2023-03-20 15:20:49.822  INFO 38444 --- [restartedMain] d.s.w.p.DocumentationPluginsBootstrapper : Context refreshed
2023-03-20 15:20:49.822  INFO 38444 --- [restartedMain] d.s.w.p.DocumentationPluginsBootstrapper : Found 1 custom documentation plugin(s)
2023-03-20 15:20:49.826  INFO 38444 --- [restartedMain] s.d.s.w.s.ApiListingReferenceScanner     : Scanning for api listing references
2023-03-20 15:20:49.850  INFO 38444 --- [restartedMain] .d.s.w.r.o.CachingOperationNameGenerator : Generating unique operation named: getAllUsingGET_1
2023-03-20 15:20:49.851  INFO 38444 --- [restartedMain] .d.s.w.r.o.CachingOperationNameGenerator : Generating unique operation named: saveEmpoyeeUsingPOST_1
2023-03-20 15:20:49.857  INFO 38444 --- [restartedMain] com.yash.ems.EMSApplication              : Started EMSApplication in 0.827 seconds (JVM running for 1078.607)
2023-03-20 15:20:49.857  INFO 38444 --- [restartedMain] .ConditionEvaluationDeltaLoggingListener : Condition evaluation unchanged
2023-03-20 15:21:02.960  INFO 38444 --- [http-nio-7079-exec-1] o.a.c.c.C.[Tomcat].[localhost].[/]       : Initializing Spring DispatcherServlet 'dispatcherServlet'
2023-03-20 15:21:02.960  INFO 38444 --- [http-nio-7079-exec-1] o.s.web.servlet.DispatcherServlet        : Initializing Servlet 'dispatcherServlet'
2023-03-20 15:21:02.961  INFO 38444 --- [http-nio-7079-exec-1] o.s.web.servlet.DispatcherServlet        : Completed initialization in 1 ms
2023-03-20 15:21:02.973  INFO 38444 --- [http-nio-7079-exec-1] c.y.ems.controller.EmployeeController    : Create Employee Data...
2023-03-20 15:24:12.579  INFO 38444 --- [File Watcher] rtingClassPathChangeChangedEventListener : Restarting due to 1 class path change (0 additions, 0 deletions, 1 modification)
2023-03-20 15:24:12.609  INFO 38444 --- [Thread-27] o.apache.catalina.core.StandardService   : Stopping service [Tomcat]
2023-03-20 15:24:12.609  INFO 38444 --- [Thread-27] o.a.c.c.C.[Tomcat].[localhost].[/]       : Destroying Spring FrameworkServlet 'dispatcherServlet'
2023-03-20 15:24:12.614  INFO 38444 --- [Thread-27] j.LocalContainerEntityManagerFactoryBean : Closing JPA EntityManagerFactory for persistence unit 'default'
2023-03-20 15:24:12.615  INFO 38444 --- [Thread-27] com.zaxxer.hikari.HikariDataSource       : HikariPool-7 - Shutdown initiated...
2023-03-20 15:24:12.619  INFO 38444 --- [Thread-27] com.zaxxer.hikari.HikariDataSource       : HikariPool-7 - Shutdown completed.
